<?xml version="1.0" encoding="UTF-8"?>
<!-- Generated by org.testng.reporters.JUnitReportReporter -->
<testsuite skipped="0" hostname="LAPTOP-7HUNRUID" name="com.bank.testsuite.BankTest" tests="6" failures="0" timestamp="2020-04-20T17:44:21 BST" time="256.875" errors="0">
  <testcase name="bankManagerShouldAddCustomerSuccessfully" time="5.183" classname="com.bank.testsuite.BankTest"/>
  <system-out>
Clicking on Manager Login Tab: [[ChromeDriver: chrome on WINDOWS (4ac1a097654e5cdd56b10895edae637a)] -> xpath: //button[contains(text(),'Bank Manager Login')]]<br> Clicking on Add Customer Tab: [[ChromeDriver: chrome on WINDOWS (4ac1a097654e5cdd56b10895edae637a)] -> xpath: //button[contains(text(),'Add Customer')]]<br> Entering First Name : VJLiY on First Name Field [[ChromeDriver: chrome on WINDOWS (4ac1a097654e5cdd56b10895edae637a)] -> xpath: //input[@placeholder='First Name']]<br> Entering Last Name : nJ1t on Last Name Field [[ChromeDriver: chrome on WINDOWS (4ac1a097654e5cdd56b10895edae637a)] -> xpath: //input[@placeholder='Last Name']]<br> Entering postcode : HA6 1NW on Postcode Field [[ChromeDriver: chrome on WINDOWS (4ac1a097654e5cdd56b10895edae637a)] -> xpath: //input[@placeholder='Post Code']]<br> Clicking on Add Customer Button : [[ChromeDriver: chrome on WINDOWS (4ac1a097654e5cdd56b10895edae637a)] -> xpath: //button[@class='btn btn-default']]<br> Clicking on Home Page Button : [[ChromeDriver: chrome on WINDOWS (4ac1a097654e5cdd56b10895edae637a)] -> xpath: //button[@class='btn home']]<br>  </system-out>
  <testcase name="bankManagerShouldOpenAccountSuccessfully" time="32.202" classname="com.bank.testsuite.BankTest"/>
  <system-out>
Clicking on Manager Login Tab: [[ChromeDriver: chrome on WINDOWS (4ac1a097654e5cdd56b10895edae637a)] -> xpath: //button[contains(text(),'Bank Manager Login')]]<br> Clicking on Open Account Tab: [[ChromeDriver: chrome on WINDOWS (4ac1a097654e5cdd56b10895edae637a)] -> xpath: //button[contains(text(),'Open Account')]]<br> Selecting Customer Name from Drop Down : VJLiY nJ1t On Select Customer Field [[ChromeDriver: chrome on WINDOWS (4ac1a097654e5cdd56b10895edae637a)] -> xpath: //select[@name='userSelect']]<br> Selecting Currency from Drop Down : Pound On Select Currency Field [[ChromeDriver: chrome on WINDOWS (4ac1a097654e5cdd56b10895edae637a)] -> xpath: //select[@name='currency']]<br> Clicking on Process Button : [[ChromeDriver: chrome on WINDOWS (4ac1a097654e5cdd56b10895edae637a)] -> xpath: //button[contains(text(),'Process')]]<br> Displaying PopUp Message. <br> Clicking on Home Page Button : [[ChromeDriver: chrome on WINDOWS (4ac1a097654e5cdd56b10895edae637a)] -> xpath: //button[@class='btn home']]<br>  </system-out>
  <testcase name="customerShouldLoginAndLogoutSuccessfully" time="32.319" classname="com.bank.testsuite.BankTest"/>
  <system-out>
Clicking on Customer Login Tab: [[ChromeDriver: chrome on WINDOWS (4ac1a097654e5cdd56b10895edae637a)] -> xpath: //button[contains(text(),'Customer Login')]]<br> Clicking on Your Name Field : [[ChromeDriver: chrome on WINDOWS (4ac1a097654e5cdd56b10895edae637a)] -> xpath: //select[@name='userSelect']]<br> Selecting Name of Customer from DropDown  : VJLiY nJ1t Your Name Field [[ChromeDriver: chrome on WINDOWS (4ac1a097654e5cdd56b10895edae637a)] -> xpath: //select[@name='userSelect']]<br> Clicking on Customer Login Button : [[ChromeDriver: chrome on WINDOWS (4ac1a097654e5cdd56b10895edae637a)] -> xpath: //select[@name='userSelect']]<br> Verifying Customer Log Out Tab is Displayed : [[ChromeDriver: chrome on WINDOWS (4ac1a097654e5cdd56b10895edae637a)] -> xpath: //button[@class='btn logout']]<br> Getting Customer Log Out Text: [[ChromeDriver: chrome on WINDOWS (4ac1a097654e5cdd56b10895edae637a)] -> xpath: //button[@class='btn logout']]<br> Clicking on Customer Log Out Button : [[ChromeDriver: chrome on WINDOWS (4ac1a097654e5cdd56b10895edae637a)] -> xpath: //button[@class='btn logout']]<br>  Verify Your Name Text is Displayed  : [[ChromeDriver: chrome on WINDOWS (4ac1a097654e5cdd56b10895edae637a)] -> xpath: //label[contains(text(),'Your Name :')]]<br>  Getting Your Name Text : [[ChromeDriver: chrome on WINDOWS (4ac1a097654e5cdd56b10895edae637a)] -> xpath: //label[contains(text(),'Your Name :')]]<br> Clicking on Home Page Button : [[ChromeDriver: chrome on WINDOWS (4ac1a097654e5cdd56b10895edae637a)] -> xpath: //button[@class='btn home']]<br>  </system-out>
  <testcase name="customerShouldDepositMoneySuccessfully" time="63.148" classname="com.bank.testsuite.BankTest"/>
  <system-out>
Clicking on Customer Login Tab: [[ChromeDriver: chrome on WINDOWS (4ac1a097654e5cdd56b10895edae637a)] -> xpath: //button[contains(text(),'Customer Login')]]<br> Clicking on Your Name Field : [[ChromeDriver: chrome on WINDOWS (4ac1a097654e5cdd56b10895edae637a)] -> xpath: //select[@name='userSelect']]<br> Selecting Name of Customer from DropDown  : VJLiY nJ1t Your Name Field [[ChromeDriver: chrome on WINDOWS (4ac1a097654e5cdd56b10895edae637a)] -> xpath: //select[@name='userSelect']]<br> Clicking on Customer Login Button : [[ChromeDriver: chrome on WINDOWS (4ac1a097654e5cdd56b10895edae637a)] -> xpath: //select[@name='userSelect']]<br> Clicking on Deposit Tab: [[ChromeDriver: chrome on WINDOWS (4ac1a097654e5cdd56b10895edae637a)] -> xpath: //button[contains(text(),'Deposit')]]<br> Entering deposit amount : 100 On Deposit Amount Field  [[ChromeDriver: chrome on WINDOWS (4ac1a097654e5cdd56b10895edae637a)] -> xpath: //input[@placeholder='amount']]<br> Clicking on Deposit Button: [[ChromeDriver: chrome on WINDOWS (4ac1a097654e5cdd56b10895edae637a)] -> xpath: //button[@class='btn btn-default']]<br> Verifying Deposit Success Text: [[ChromeDriver: chrome on WINDOWS (4ac1a097654e5cdd56b10895edae637a)] -> xpath: //span[@class='error ng-binding']]<br> Getting Deposit Success Text: [[ChromeDriver: chrome on WINDOWS (4ac1a097654e5cdd56b10895edae637a)] -> xpath: //span[@class='error ng-binding']]<br> Getting Deposit Success Text: [[ChromeDriver: chrome on WINDOWS (4ac1a097654e5cdd56b10895edae637a)] -> xpath: //span[@class='error ng-binding']]<br> Clicking on Home Page Tab: [[ChromeDriver: chrome on WINDOWS (4ac1a097654e5cdd56b10895edae637a)] -> xpath: //button[@class='btn home']]<br>  </system-out>
  <testcase name="customerShouldWithdrawMoneySuccessfully" time="62.430" classname="com.bank.testsuite.BankTest"/>
  <system-out>
Clicking on Customer Login Tab: [[ChromeDriver: chrome on WINDOWS (4ac1a097654e5cdd56b10895edae637a)] -> xpath: //button[contains(text(),'Customer Login')]]<br> Clicking on Your Name Field : [[ChromeDriver: chrome on WINDOWS (4ac1a097654e5cdd56b10895edae637a)] -> xpath: //select[@name='userSelect']]<br> Selecting Name of Customer from DropDown  : VJLiY nJ1t Your Name Field [[ChromeDriver: chrome on WINDOWS (4ac1a097654e5cdd56b10895edae637a)] -> xpath: //select[@name='userSelect']]<br> Clicking on Customer Login Button : [[ChromeDriver: chrome on WINDOWS (4ac1a097654e5cdd56b10895edae637a)] -> xpath: //select[@name='userSelect']]<br> Clicking on Withdrawl Tab: [[ChromeDriver: chrome on WINDOWS (4ac1a097654e5cdd56b10895edae637a)] -> xpath: //button[contains(text(),'Withdrawl')]]<br> Entering withdrawl amount : 50 On Withdrawal Amount Field [[ChromeDriver: chrome on WINDOWS (4ac1a097654e5cdd56b10895edae637a)] -> xpath: //input[@placeholder='amount']]<br> Clicking on Withdrawl Button: [[ChromeDriver: chrome on WINDOWS (4ac1a097654e5cdd56b10895edae637a)] -> xpath: //button[@class='btn btn-default']]<br> Verifying Transaction Success Text: [[ChromeDriver: chrome on WINDOWS (4ac1a097654e5cdd56b10895edae637a)] -> xpath: //span[@class='error ng-binding']]<br> Getting Transaction Success Text: [[ChromeDriver: chrome on WINDOWS (4ac1a097654e5cdd56b10895edae637a)] -> xpath: //span[@class='error ng-binding']]<br> Clicking on Home Page Tab: [[ChromeDriver: chrome on WINDOWS (4ac1a097654e5cdd56b10895edae637a)] -> xpath: //button[@class='btn home']]<br>  </system-out>
  <testcase name="bankManagerShouldDeleteCustomerSuccessfully" time="61.593" classname="com.bank.testsuite.BankTest"/>
  <system-out>
Clicking on Manager Login Tab: [[ChromeDriver: chrome on WINDOWS (4ac1a097654e5cdd56b10895edae637a)] -> xpath: //button[contains(text(),'Bank Manager Login')]]<br> Clicking on Customers Tab: [[ChromeDriver: chrome on WINDOWS (4ac1a097654e5cdd56b10895edae637a)] -> xpath: //button[contains(text(),'Customers')]]<br> Finding Customer by First Name : VJLiY On Search Customer Field [[ChromeDriver: chrome on WINDOWS (4ac1a097654e5cdd56b10895edae637a)] -> xpath: //input[@placeholder='Search Customer']]<br>  Clicking on Delete Customer Button : [[ChromeDriver: chrome on WINDOWS (4ac1a097654e5cdd56b10895edae637a)] -> xpath: //button[contains(text(),'Delete')]]<br>  </system-out>
</testsuite> <!-- com.bank.testsuite.BankTest -->
